============================= test session starts =============================
platform win32 -- Python 3.13.5, pytest-8.4.1, pluggy-1.6.0 -- C:\Users\diete\AppData\Local\Programs\Python\Python313\python.exe
cachedir: .pytest_cache
hypothesis profile 'default'
PySide6 6.10.2 -- Qt runtime 6.10.2 -- Qt compiled 6.10.2
rootdir: C:\Users\diete\Repositories\Games
configfile: pyproject.toml
plugins: anyio-4.9.0, hypothesis-6.151.9, asyncio-1.3.0, cov-7.0.0, mock-3.15.1, qt-4.5.0, timeout-2.3.1, xdist-3.8.0
asyncio: mode=Mode.STRICT, debug=False, asyncio_default_fixture_loop_scope=None, asyncio_default_test_loop_scope=function
collecting ... collected 28 items

tests/Duum/test_ui_renderer.py::TestUIRenderer::test_ui_renderer_init FAILED [  3%]
tests/Duum/test_ui_renderer.py::TestUIRenderer::test_render_menu FAILED  [  7%]
tests/Duum/test_ui_renderer.py::TestUIRenderer::test_render_map_select FAILED [ 10%]
tests/Duum/test_ui_renderer.py::TestUIRenderer::test_render_hud FAILED   [ 14%]
tests/Duum/test_ui_renderer.py::TestUIRenderer::test_render_hud_paused FAILED [ 17%]
tests/Duum/test_ui_renderer.py::TestUIRenderer::test_render_hud_paused_cheat_mode FAILED [ 21%]
tests/Duum/test_ui_renderer.py::TestUIRenderer::test_render_level_complete FAILED [ 25%]
tests/Duum/test_ui_renderer.py::TestUIRenderer::test_render_game_over FAILED [ 28%]
tests/Duum/test_ui_renderer.py::TestUIRenderer::test_render_intro[0] FAILED [ 32%]
tests/Duum/test_ui_renderer.py::TestUIRenderer::test_render_intro[1] FAILED [ 35%]
tests/Duum/test_ui_renderer.py::TestUIRenderer::test_render_intro[2] FAILED [ 39%]
tests/Duum/test_ui_renderer.py::TestUIRenderer::test_render_intro_slide_types FAILED [ 42%]
tests/Duum/test_ui_renderer.py::TestUIRenderer::test_render_key_config FAILED [ 46%]
tests/Duum/test_ui_renderer.py::TestUIRenderer::test_blood_drips FAILED  [ 50%]
tests/Zombie_Survival/test_ui_renderer.py::TestUIRenderer::test_ui_renderer_init PASSED [ 53%]
tests/Zombie_Survival/test_ui_renderer.py::TestUIRenderer::test_render_menu PASSED [ 57%]
tests/Zombie_Survival/test_ui_renderer.py::TestUIRenderer::test_render_map_select PASSED [ 60%]
tests/Zombie_Survival/test_ui_renderer.py::TestUIRenderer::test_render_hud FAILED [ 64%]
tests/Zombie_Survival/test_ui_renderer.py::TestUIRenderer::test_render_hud_paused FAILED [ 67%]
tests/Zombie_Survival/test_ui_renderer.py::TestUIRenderer::test_render_hud_paused_cheat_mode FAILED [ 71%]
tests/Zombie_Survival/test_ui_renderer.py::TestUIRenderer::test_render_level_complete PASSED [ 75%]
tests/Zombie_Survival/test_ui_renderer.py::TestUIRenderer::test_render_game_over PASSED [ 78%]
tests/Zombie_Survival/test_ui_renderer.py::TestUIRenderer::test_render_intro[0] PASSED [ 82%]
tests/Zombie_Survival/test_ui_renderer.py::TestUIRenderer::test_render_intro[1] PASSED [ 85%]
tests/Zombie_Survival/test_ui_renderer.py::TestUIRenderer::test_render_intro[2] PASSED [ 89%]
tests/Zombie_Survival/test_ui_renderer.py::TestUIRenderer::test_render_intro_slide_types PASSED [ 92%]
tests/Zombie_Survival/test_ui_renderer.py::TestUIRenderer::test_render_key_config PASSED [ 96%]
tests/Zombie_Survival/test_ui_renderer.py::TestUIRenderer::test_blood_drips PASSED [100%]

================================== FAILURES ===================================
____________________ TestUIRenderer.test_ui_renderer_init _____________________
tests\Duum\test_ui_renderer.py:95: in test_ui_renderer_init
    renderer = UIRenderer(mock_screen)
               ^^^^^^^^^^^^^^^^^^^^^^^
src\games\Duum\src\ui_renderer.py:48: in __init__
    self._generate_vignette()
src\games\Duum\src\ui_renderer.py:76: in _generate_vignette
    self.vignette = pygame.transform.smoothscale(vig_small, (w, h))
                    ^^^^^^^^^^^^^^^^^^^^^^^^^^^^
E   AttributeError: module 'pygame.transform' has no attribute 'smoothscale'
------------------------------ Captured log call ------------------------------
ERROR    games.shared.ui_renderer_base:ui_renderer_base.py:137 Failed to load assets
Traceback (most recent call last):
  File "C:\Users\diete\Repositories\Games\src\games\shared\ui_renderer_base.py", line 109, in _load_assets
    scale = min(500 / img.get_height(), 800 / img.get_width())
TypeError: '<' not supported between instances of 'MagicMock' and 'MagicMock'
_______________________ TestUIRenderer.test_render_menu _______________________
tests\Duum\test_ui_renderer.py:100: in test_render_menu
    renderer = UIRenderer(mock_screen)
               ^^^^^^^^^^^^^^^^^^^^^^^
src\games\Duum\src\ui_renderer.py:48: in __init__
    self._generate_vignette()
src\games\Duum\src\ui_renderer.py:76: in _generate_vignette
    self.vignette = pygame.transform.smoothscale(vig_small, (w, h))
                    ^^^^^^^^^^^^^^^^^^^^^^^^^^^^
E   AttributeError: module 'pygame.transform' has no attribute 'smoothscale'
------------------------------ Captured log call ------------------------------
ERROR    games.shared.ui_renderer_base:ui_renderer_base.py:137 Failed to load assets
Traceback (most recent call last):
  File "C:\Users\diete\Repositories\Games\src\games\shared\ui_renderer_base.py", line 109, in _load_assets
    scale = min(500 / img.get_height(), 800 / img.get_width())
TypeError: '<' not supported between instances of 'MagicMock' and 'MagicMock'
____________________ TestUIRenderer.test_render_map_select ____________________
tests\Duum\test_ui_renderer.py:105: in test_render_map_select
    renderer = UIRenderer(mock_screen)
               ^^^^^^^^^^^^^^^^^^^^^^^
src\games\Duum\src\ui_renderer.py:48: in __init__
    self._generate_vignette()
src\games\Duum\src\ui_renderer.py:76: in _generate_vignette
    self.vignette = pygame.transform.smoothscale(vig_small, (w, h))
                    ^^^^^^^^^^^^^^^^^^^^^^^^^^^^
E   AttributeError: module 'pygame.transform' has no attribute 'smoothscale'
------------------------------ Captured log call ------------------------------
ERROR    games.shared.ui_renderer_base:ui_renderer_base.py:137 Failed to load assets
Traceback (most recent call last):
  File "C:\Users\diete\Repositories\Games\src\games\shared\ui_renderer_base.py", line 109, in _load_assets
    scale = min(500 / img.get_height(), 800 / img.get_width())
TypeError: '<' not supported between instances of 'MagicMock' and 'MagicMock'
_______________________ TestUIRenderer.test_render_hud ________________________
tests\Duum\test_ui_renderer.py:109: in test_render_hud
    renderer = UIRenderer(mock_screen)
               ^^^^^^^^^^^^^^^^^^^^^^^
src\games\Duum\src\ui_renderer.py:48: in __init__
    self._generate_vignette()
src\games\Duum\src\ui_renderer.py:76: in _generate_vignette
    self.vignette = pygame.transform.smoothscale(vig_small, (w, h))
                    ^^^^^^^^^^^^^^^^^^^^^^^^^^^^
E   AttributeError: module 'pygame.transform' has no attribute 'smoothscale'
------------------------------ Captured log call ------------------------------
ERROR    games.shared.ui_renderer_base:ui_renderer_base.py:137 Failed to load assets
Traceback (most recent call last):
  File "C:\Users\diete\Repositories\Games\src\games\shared\ui_renderer_base.py", line 109, in _load_assets
    scale = min(500 / img.get_height(), 800 / img.get_width())
TypeError: '<' not supported between instances of 'MagicMock' and 'MagicMock'
____________________ TestUIRenderer.test_render_hud_paused ____________________
tests\Duum\test_ui_renderer.py:118: in test_render_hud_paused
    renderer = UIRenderer(mock_screen)
               ^^^^^^^^^^^^^^^^^^^^^^^
src\games\Duum\src\ui_renderer.py:48: in __init__
    self._generate_vignette()
src\games\Duum\src\ui_renderer.py:76: in _generate_vignette
    self.vignette = pygame.transform.smoothscale(vig_small, (w, h))
                    ^^^^^^^^^^^^^^^^^^^^^^^^^^^^
E   AttributeError: module 'pygame.transform' has no attribute 'smoothscale'
------------------------------ Captured log call ------------------------------
ERROR    games.shared.ui_renderer_base:ui_renderer_base.py:137 Failed to load assets
Traceback (most recent call last):
  File "C:\Users\diete\Repositories\Games\src\games\shared\ui_renderer_base.py", line 109, in _load_assets
    scale = min(500 / img.get_height(), 800 / img.get_width())
TypeError: '<' not supported between instances of 'MagicMock' and 'MagicMock'
______________ TestUIRenderer.test_render_hud_paused_cheat_mode _______________
tests\Duum\test_ui_renderer.py:126: in test_render_hud_paused_cheat_mode
    renderer = UIRenderer(mock_screen)
               ^^^^^^^^^^^^^^^^^^^^^^^
src\games\Duum\src\ui_renderer.py:48: in __init__
    self._generate_vignette()
src\games\Duum\src\ui_renderer.py:76: in _generate_vignette
    self.vignette = pygame.transform.smoothscale(vig_small, (w, h))
                    ^^^^^^^^^^^^^^^^^^^^^^^^^^^^
E   AttributeError: module 'pygame.transform' has no attribute 'smoothscale'
------------------------------ Captured log call ------------------------------
ERROR    games.shared.ui_renderer_base:ui_renderer_base.py:137 Failed to load assets
Traceback (most recent call last):
  File "C:\Users\diete\Repositories\Games\src\games\shared\ui_renderer_base.py", line 109, in _load_assets
    scale = min(500 / img.get_height(), 800 / img.get_width())
TypeError: '<' not supported between instances of 'MagicMock' and 'MagicMock'
__________________ TestUIRenderer.test_render_level_complete __________________
tests\Duum\test_ui_renderer.py:130: in test_render_level_complete
    renderer = UIRenderer(mock_screen)
               ^^^^^^^^^^^^^^^^^^^^^^^
src\games\Duum\src\ui_renderer.py:48: in __init__
    self._generate_vignette()
src\games\Duum\src\ui_renderer.py:76: in _generate_vignette
    self.vignette = pygame.transform.smoothscale(vig_small, (w, h))
                    ^^^^^^^^^^^^^^^^^^^^^^^^^^^^
E   AttributeError: module 'pygame.transform' has no attribute 'smoothscale'
------------------------------ Captured log call ------------------------------
ERROR    games.shared.ui_renderer_base:ui_renderer_base.py:137 Failed to load assets
Traceback (most recent call last):
  File "C:\Users\diete\Repositories\Games\src\games\shared\ui_renderer_base.py", line 109, in _load_assets
    scale = min(500 / img.get_height(), 800 / img.get_width())
TypeError: '<' not supported between instances of 'MagicMock' and 'MagicMock'
____________________ TestUIRenderer.test_render_game_over _____________________
tests\Duum\test_ui_renderer.py:134: in test_render_game_over
    renderer = UIRenderer(mock_screen)
               ^^^^^^^^^^^^^^^^^^^^^^^
src\games\Duum\src\ui_renderer.py:48: in __init__
    self._generate_vignette()
src\games\Duum\src\ui_renderer.py:76: in _generate_vignette
    self.vignette = pygame.transform.smoothscale(vig_small, (w, h))
                    ^^^^^^^^^^^^^^^^^^^^^^^^^^^^
E   AttributeError: module 'pygame.transform' has no attribute 'smoothscale'
------------------------------ Captured log call ------------------------------
ERROR    games.shared.ui_renderer_base:ui_renderer_base.py:137 Failed to load assets
Traceback (most recent call last):
  File "C:\Users\diete\Repositories\Games\src\games\shared\ui_renderer_base.py", line 109, in _load_assets
    scale = min(500 / img.get_height(), 800 / img.get_width())
TypeError: '<' not supported between instances of 'MagicMock' and 'MagicMock'
_____________________ TestUIRenderer.test_render_intro[0] _____________________
tests\Duum\test_ui_renderer.py:139: in test_render_intro
    renderer = UIRenderer(mock_screen)
               ^^^^^^^^^^^^^^^^^^^^^^^
src\games\Duum\src\ui_renderer.py:48: in __init__
    self._generate_vignette()
src\games\Duum\src\ui_renderer.py:76: in _generate_vignette
    self.vignette = pygame.transform.smoothscale(vig_small, (w, h))
                    ^^^^^^^^^^^^^^^^^^^^^^^^^^^^
E   AttributeError: module 'pygame.transform' has no attribute 'smoothscale'
------------------------------ Captured log call ------------------------------
ERROR    games.shared.ui_renderer_base:ui_renderer_base.py:137 Failed to load assets
Traceback (most recent call last):
  File "C:\Users\diete\Repositories\Games\src\games\shared\ui_renderer_base.py", line 109, in _load_assets
    scale = min(500 / img.get_height(), 800 / img.get_width())
TypeError: '<' not supported between instances of 'MagicMock' and 'MagicMock'
_____________________ TestUIRenderer.test_render_intro[1] _____________________
tests\Duum\test_ui_renderer.py:139: in test_render_intro
    renderer = UIRenderer(mock_screen)
               ^^^^^^^^^^^^^^^^^^^^^^^
src\games\Duum\src\ui_renderer.py:48: in __init__
    self._generate_vignette()
src\games\Duum\src\ui_renderer.py:76: in _generate_vignette
    self.vignette = pygame.transform.smoothscale(vig_small, (w, h))
                    ^^^^^^^^^^^^^^^^^^^^^^^^^^^^
E   AttributeError: module 'pygame.transform' has no attribute 'smoothscale'
------------------------------ Captured log call ------------------------------
ERROR    games.shared.ui_renderer_base:ui_renderer_base.py:137 Failed to load assets
Traceback (most recent call last):
  File "C:\Users\diete\Repositories\Games\src\games\shared\ui_renderer_base.py", line 109, in _load_assets
    scale = min(500 / img.get_height(), 800 / img.get_width())
TypeError: '<' not supported between instances of 'MagicMock' and 'MagicMock'
_____________________ TestUIRenderer.test_render_intro[2] _____________________
tests\Duum\test_ui_renderer.py:139: in test_render_intro
    renderer = UIRenderer(mock_screen)
               ^^^^^^^^^^^^^^^^^^^^^^^
src\games\Duum\src\ui_renderer.py:48: in __init__
    self._generate_vignette()
src\games\Duum\src\ui_renderer.py:76: in _generate_vignette
    self.vignette = pygame.transform.smoothscale(vig_small, (w, h))
                    ^^^^^^^^^^^^^^^^^^^^^^^^^^^^
E   AttributeError: module 'pygame.transform' has no attribute 'smoothscale'
------------------------------ Captured log call ------------------------------
ERROR    games.shared.ui_renderer_base:ui_renderer_base.py:137 Failed to load assets
Traceback (most recent call last):
  File "C:\Users\diete\Repositories\Games\src\games\shared\ui_renderer_base.py", line 109, in _load_assets
    scale = min(500 / img.get_height(), 800 / img.get_width())
TypeError: '<' not supported between instances of 'MagicMock' and 'MagicMock'
________________ TestUIRenderer.test_render_intro_slide_types _________________
tests\Duum\test_ui_renderer.py:149: in test_render_intro_slide_types
    renderer = UIRenderer(mock_screen)
               ^^^^^^^^^^^^^^^^^^^^^^^
src\games\Duum\src\ui_renderer.py:48: in __init__
    self._generate_vignette()
src\games\Duum\src\ui_renderer.py:76: in _generate_vignette
    self.vignette = pygame.transform.smoothscale(vig_small, (w, h))
                    ^^^^^^^^^^^^^^^^^^^^^^^^^^^^
E   AttributeError: module 'pygame.transform' has no attribute 'smoothscale'
------------------------------ Captured log call ------------------------------
ERROR    games.shared.ui_renderer_base:ui_renderer_base.py:137 Failed to load assets
Traceback (most recent call last):
  File "C:\Users\diete\Repositories\Games\src\games\shared\ui_renderer_base.py", line 109, in _load_assets
    scale = min(500 / img.get_height(), 800 / img.get_width())
TypeError: '<' not supported between instances of 'MagicMock' and 'MagicMock'
____________________ TestUIRenderer.test_render_key_config ____________________
tests\Duum\test_ui_renderer.py:156: in test_render_key_config
    renderer = UIRenderer(mock_screen)
               ^^^^^^^^^^^^^^^^^^^^^^^
src\games\Duum\src\ui_renderer.py:48: in __init__
    self._generate_vignette()
src\games\Duum\src\ui_renderer.py:76: in _generate_vignette
    self.vignette = pygame.transform.smoothscale(vig_small, (w, h))
                    ^^^^^^^^^^^^^^^^^^^^^^^^^^^^
E   AttributeError: module 'pygame.transform' has no attribute 'smoothscale'
------------------------------ Captured log call ------------------------------
ERROR    games.shared.ui_renderer_base:ui_renderer_base.py:137 Failed to load assets
Traceback (most recent call last):
  File "C:\Users\diete\Repositories\Games\src\games\shared\ui_renderer_base.py", line 109, in _load_assets
    scale = min(500 / img.get_height(), 800 / img.get_width())
TypeError: '<' not supported between instances of 'MagicMock' and 'MagicMock'
_______________________ TestUIRenderer.test_blood_drips _______________________
tests\Duum\test_ui_renderer.py:160: in test_blood_drips
    renderer = UIRenderer(mock_screen)
               ^^^^^^^^^^^^^^^^^^^^^^^
src\games\Duum\src\ui_renderer.py:48: in __init__
    self._generate_vignette()
src\games\Duum\src\ui_renderer.py:76: in _generate_vignette
    self.vignette = pygame.transform.smoothscale(vig_small, (w, h))
                    ^^^^^^^^^^^^^^^^^^^^^^^^^^^^
E   AttributeError: module 'pygame.transform' has no attribute 'smoothscale'
------------------------------ Captured log call ------------------------------
ERROR    games.shared.ui_renderer_base:ui_renderer_base.py:137 Failed to load assets
Traceback (most recent call last):
  File "C:\Users\diete\Repositories\Games\src\games\shared\ui_renderer_base.py", line 109, in _load_assets
    scale = min(500 / img.get_height(), 800 / img.get_width())
TypeError: '<' not supported between instances of 'MagicMock' and 'MagicMock'
_______________________ TestUIRenderer.test_render_hud ________________________
tests\Zombie_Survival\test_ui_renderer.py:110: in test_render_hud
    renderer.render_hud(mock_game)
src\games\Zombie_Survival\src\ui_renderer.py:191: in render_hud
    self._render_ammo_display(game)
src\games\Zombie_Survival\src\ui_renderer.py:230: in _render_ammo_display
    w_name = C.WEAPONS[game.player.current_weapon]["name"]
             ^^^^^^^^^^^^^^^^^^^^^^^^^^^^^^^^^^^^^
E   KeyError: <MagicMock name='mock.player.current_weapon' id='2151259173760'>
------------------------------ Captured log call ------------------------------
ERROR    games.shared.ui_renderer_base:ui_renderer_base.py:137 Failed to load assets
Traceback (most recent call last):
  File "C:\Users\diete\Repositories\Games\src\games\shared\ui_renderer_base.py", line 109, in _load_assets
    scale = min(500 / img.get_height(), 800 / img.get_width())
TypeError: '<' not supported between instances of 'MagicMock' and 'MagicMock'
____________________ TestUIRenderer.test_render_hud_paused ____________________
tests\Zombie_Survival\test_ui_renderer.py:119: in test_render_hud_paused
    renderer.render_hud(mock_game)
src\games\Zombie_Survival\src\ui_renderer.py:191: in render_hud
    self._render_ammo_display(game)
src\games\Zombie_Survival\src\ui_renderer.py:230: in _render_ammo_display
    w_name = C.WEAPONS[game.player.current_weapon]["name"]
             ^^^^^^^^^^^^^^^^^^^^^^^^^^^^^^^^^^^^^
E   KeyError: <MagicMock name='mock.player.current_weapon' id='2151259792992'>
------------------------------ Captured log call ------------------------------
ERROR    games.shared.ui_renderer_base:ui_renderer_base.py:137 Failed to load assets
Traceback (most recent call last):
  File "C:\Users\diete\Repositories\Games\src\games\shared\ui_renderer_base.py", line 109, in _load_assets
    scale = min(500 / img.get_height(), 800 / img.get_width())
TypeError: '<' not supported between instances of 'MagicMock' and 'MagicMock'
______________ TestUIRenderer.test_render_hud_paused_cheat_mode _______________
tests\Zombie_Survival\test_ui_renderer.py:127: in test_render_hud_paused_cheat_mode
    renderer.render_hud(mock_game)
src\games\Zombie_Survival\src\ui_renderer.py:191: in render_hud
    self._render_ammo_display(game)
src\games\Zombie_Survival\src\ui_renderer.py:230: in _render_ammo_display
    w_name = C.WEAPONS[game.player.current_weapon]["name"]
             ^^^^^^^^^^^^^^^^^^^^^^^^^^^^^^^^^^^^^
E   KeyError: <MagicMock name='mock.player.current_weapon' id='2151263164400'>
------------------------------ Captured log call ------------------------------
ERROR    games.shared.ui_renderer_base:ui_renderer_base.py:137 Failed to load assets
Traceback (most recent call last):
  File "C:\Users\diete\Repositories\Games\src\games\shared\ui_renderer_base.py", line 109, in _load_assets
    scale = min(500 / img.get_height(), 800 / img.get_width())
TypeError: '<' not supported between instances of 'MagicMock' and 'MagicMock'
=========================== short test summary info ===========================
FAILED tests/Duum/test_ui_renderer.py::TestUIRenderer::test_ui_renderer_init
FAILED tests/Duum/test_ui_renderer.py::TestUIRenderer::test_render_menu - Att...
FAILED tests/Duum/test_ui_renderer.py::TestUIRenderer::test_render_map_select
FAILED tests/Duum/test_ui_renderer.py::TestUIRenderer::test_render_hud - Attr...
FAILED tests/Duum/test_ui_renderer.py::TestUIRenderer::test_render_hud_paused
FAILED tests/Duum/test_ui_renderer.py::TestUIRenderer::test_render_hud_paused_cheat_mode
FAILED tests/Duum/test_ui_renderer.py::TestUIRenderer::test_render_level_complete
FAILED tests/Duum/test_ui_renderer.py::TestUIRenderer::test_render_game_over
FAILED tests/Duum/test_ui_renderer.py::TestUIRenderer::test_render_intro[0]
FAILED tests/Duum/test_ui_renderer.py::TestUIRenderer::test_render_intro[1]
FAILED tests/Duum/test_ui_renderer.py::TestUIRenderer::test_render_intro[2]
FAILED tests/Duum/test_ui_renderer.py::TestUIRenderer::test_render_intro_slide_types
FAILED tests/Duum/test_ui_renderer.py::TestUIRenderer::test_render_key_config
FAILED tests/Duum/test_ui_renderer.py::TestUIRenderer::test_blood_drips - Att...
FAILED tests/Zombie_Survival/test_ui_renderer.py::TestUIRenderer::test_render_hud
FAILED tests/Zombie_Survival/test_ui_renderer.py::TestUIRenderer::test_render_hud_paused
FAILED tests/Zombie_Survival/test_ui_renderer.py::TestUIRenderer::test_render_hud_paused_cheat_mode
======================== 17 failed, 11 passed in 6.29s ========================
