============================= test session starts =============================
platform win32 -- Python 3.13.5, pytest-8.4.1, pluggy-1.6.0 -- C:\Users\diete\AppData\Local\Programs\Python\Python313\python.exe
cachedir: .pytest_cache
hypothesis profile 'default'
PySide6 6.10.2 -- Qt runtime 6.10.2 -- Qt compiled 6.10.2
rootdir: C:\Users\diete\Repositories\Games
configfile: pyproject.toml
plugins: anyio-4.9.0, hypothesis-6.151.9, asyncio-1.3.0, cov-7.0.0, mock-3.15.1, qt-4.5.0, timeout-2.3.1, xdist-3.8.0
asyncio: mode=Mode.STRICT, debug=False, asyncio_default_fixture_loop_scope=None, asyncio_default_test_loop_scope=function
collecting ... collected 30 items

tests/Force_Field/test_weapon_renderer.py::TestWeaponRenderer::test_weapon_renderer_init ERROR [  3%]
tests/Force_Field/test_weapon_renderer.py::TestWeaponRenderer::test_render_weapons[pistol] ERROR [  6%]
tests/Force_Field/test_weapon_renderer.py::TestWeaponRenderer::test_render_weapons[shotgun] ERROR [ 10%]
tests/Force_Field/test_weapon_renderer.py::TestWeaponRenderer::test_render_weapons[rifle] ERROR [ 13%]
tests/Force_Field/test_weapon_renderer.py::TestWeaponRenderer::test_render_weapons[minigun] ERROR [ 16%]
tests/Force_Field/test_weapon_renderer.py::TestWeaponRenderer::test_render_weapons[laser] ERROR [ 20%]
tests/Force_Field/test_weapon_renderer.py::TestWeaponRenderer::test_render_weapons[plasma] ERROR [ 23%]
tests/Force_Field/test_weapon_renderer.py::TestWeaponRenderer::test_render_weapons[pulse] ERROR [ 26%]
tests/Force_Field/test_weapon_renderer.py::TestWeaponRenderer::test_render_weapons[rocket] ERROR [ 30%]
tests/Force_Field/test_weapon_renderer.py::TestWeaponRenderer::test_render_weapons[bfg] ERROR [ 33%]
tests/Force_Field/test_weapon_renderer.py::TestWeaponRenderer::test_render_weapons_shooting[pistol] ERROR [ 36%]
tests/Force_Field/test_weapon_renderer.py::TestWeaponRenderer::test_render_weapons_shooting[shotgun] ERROR [ 40%]
tests/Force_Field/test_weapon_renderer.py::TestWeaponRenderer::test_render_weapons_shooting[rifle] ERROR [ 43%]
tests/Force_Field/test_weapon_renderer.py::TestWeaponRenderer::test_render_weapons_shooting[minigun] ERROR [ 46%]
tests/Force_Field/test_weapon_renderer.py::TestWeaponRenderer::test_render_weapons_shooting[laser] ERROR [ 50%]
tests/Force_Field/test_weapon_renderer.py::TestWeaponRenderer::test_render_weapons_shooting[plasma] ERROR [ 53%]
tests/Force_Field/test_weapon_renderer.py::TestWeaponRenderer::test_render_weapons_shooting[pulse] ERROR [ 56%]
tests/Force_Field/test_weapon_renderer.py::TestWeaponRenderer::test_render_weapons_shooting[rocket] ERROR [ 60%]
tests/Force_Field/test_weapon_renderer.py::TestWeaponRenderer::test_render_weapons_shooting[bfg] ERROR [ 63%]
tests/Force_Field/test_weapon_renderer.py::TestWeaponRenderer::test_render_weapons_moving ERROR [ 66%]
tests/Force_Field/test_weapon_renderer.py::TestWeaponRenderer::test_render_weapons_zoomed ERROR [ 70%]
tests/Force_Field/test_weapon_renderer.py::TestWeaponRenderer::test_render_weapons_reloading ERROR [ 73%]
tests/Force_Field/test_weapon_renderer.py::TestWeaponRenderer::test_render_weapons_overheated ERROR [ 76%]
tests/Force_Field/test_weapon_renderer.py::TestWeaponRenderer::test_render_weapons_rocket_empty ERROR [ 80%]
tests/Force_Field/test_weapon_renderer.py::TestWeaponRenderer::test_render_muzzle_flash[plasma] ERROR [ 83%]
tests/Force_Field/test_weapon_renderer.py::TestWeaponRenderer::test_render_muzzle_flash[pulse] ERROR [ 86%]
tests/Force_Field/test_weapon_renderer.py::TestWeaponRenderer::test_render_muzzle_flash[shotgun] ERROR [ 90%]
tests/Force_Field/test_weapon_renderer.py::TestWeaponRenderer::test_render_muzzle_flash[minigun] ERROR [ 93%]
tests/Force_Field/test_weapon_renderer.py::TestWeaponRenderer::test_render_muzzle_flash[bfg] ERROR [ 96%]
tests/Force_Field/test_weapon_renderer.py::TestWeaponRenderer::test_render_muzzle_flash[unknown] ERROR [100%]

=================================== ERRORS ====================================
_______ ERROR at setup of TestWeaponRenderer.test_weapon_renderer_init ________
tests\Force_Field\test_weapon_renderer.py:14: in setup_pygame_font
    mock_font.render.return_value.get_width.return_value = 50
    ^^^^^^^^^^^^^^^^^^^^^^^^^^^^^^^^^^^^^^^
..\..\AppData\Local\Programs\Python\Python313\Lib\unittest\mock.py:690: in __getattr__
    raise AttributeError("Mock object has no attribute %r" % name)
E   AttributeError: Mock object has no attribute 'get_width'
______ ERROR at setup of TestWeaponRenderer.test_render_weapons[pistol] _______
tests\Force_Field\test_weapon_renderer.py:14: in setup_pygame_font
    mock_font.render.return_value.get_width.return_value = 50
    ^^^^^^^^^^^^^^^^^^^^^^^^^^^^^^^^^^^^^^^
..\..\AppData\Local\Programs\Python\Python313\Lib\unittest\mock.py:690: in __getattr__
    raise AttributeError("Mock object has no attribute %r" % name)
E   AttributeError: Mock object has no attribute 'get_width'
______ ERROR at setup of TestWeaponRenderer.test_render_weapons[shotgun] ______
tests\Force_Field\test_weapon_renderer.py:14: in setup_pygame_font
    mock_font.render.return_value.get_width.return_value = 50
    ^^^^^^^^^^^^^^^^^^^^^^^^^^^^^^^^^^^^^^^
..\..\AppData\Local\Programs\Python\Python313\Lib\unittest\mock.py:690: in __getattr__
    raise AttributeError("Mock object has no attribute %r" % name)
E   AttributeError: Mock object has no attribute 'get_width'
_______ ERROR at setup of TestWeaponRenderer.test_render_weapons[rifle] _______
tests\Force_Field\test_weapon_renderer.py:14: in setup_pygame_font
    mock_font.render.return_value.get_width.return_value = 50
    ^^^^^^^^^^^^^^^^^^^^^^^^^^^^^^^^^^^^^^^
..\..\AppData\Local\Programs\Python\Python313\Lib\unittest\mock.py:690: in __getattr__
    raise AttributeError("Mock object has no attribute %r" % name)
E   AttributeError: Mock object has no attribute 'get_width'
______ ERROR at setup of TestWeaponRenderer.test_render_weapons[minigun] ______
tests\Force_Field\test_weapon_renderer.py:14: in setup_pygame_font
    mock_font.render.return_value.get_width.return_value = 50
    ^^^^^^^^^^^^^^^^^^^^^^^^^^^^^^^^^^^^^^^
..\..\AppData\Local\Programs\Python\Python313\Lib\unittest\mock.py:690: in __getattr__
    raise AttributeError("Mock object has no attribute %r" % name)
E   AttributeError: Mock object has no attribute 'get_width'
_______ ERROR at setup of TestWeaponRenderer.test_render_weapons[laser] _______
tests\Force_Field\test_weapon_renderer.py:14: in setup_pygame_font
    mock_font.render.return_value.get_width.return_value = 50
    ^^^^^^^^^^^^^^^^^^^^^^^^^^^^^^^^^^^^^^^
..\..\AppData\Local\Programs\Python\Python313\Lib\unittest\mock.py:690: in __getattr__
    raise AttributeError("Mock object has no attribute %r" % name)
E   AttributeError: Mock object has no attribute 'get_width'
______ ERROR at setup of TestWeaponRenderer.test_render_weapons[plasma] _______
tests\Force_Field\test_weapon_renderer.py:14: in setup_pygame_font
    mock_font.render.return_value.get_width.return_value = 50
    ^^^^^^^^^^^^^^^^^^^^^^^^^^^^^^^^^^^^^^^
..\..\AppData\Local\Programs\Python\Python313\Lib\unittest\mock.py:690: in __getattr__
    raise AttributeError("Mock object has no attribute %r" % name)
E   AttributeError: Mock object has no attribute 'get_width'
_______ ERROR at setup of TestWeaponRenderer.test_render_weapons[pulse] _______
tests\Force_Field\test_weapon_renderer.py:14: in setup_pygame_font
    mock_font.render.return_value.get_width.return_value = 50
    ^^^^^^^^^^^^^^^^^^^^^^^^^^^^^^^^^^^^^^^
..\..\AppData\Local\Programs\Python\Python313\Lib\unittest\mock.py:690: in __getattr__
    raise AttributeError("Mock object has no attribute %r" % name)
E   AttributeError: Mock object has no attribute 'get_width'
______ ERROR at setup of TestWeaponRenderer.test_render_weapons[rocket] _______
tests\Force_Field\test_weapon_renderer.py:14: in setup_pygame_font
    mock_font.render.return_value.get_width.return_value = 50
    ^^^^^^^^^^^^^^^^^^^^^^^^^^^^^^^^^^^^^^^
..\..\AppData\Local\Programs\Python\Python313\Lib\unittest\mock.py:690: in __getattr__
    raise AttributeError("Mock object has no attribute %r" % name)
E   AttributeError: Mock object has no attribute 'get_width'
________ ERROR at setup of TestWeaponRenderer.test_render_weapons[bfg] ________
tests\Force_Field\test_weapon_renderer.py:14: in setup_pygame_font
    mock_font.render.return_value.get_width.return_value = 50
    ^^^^^^^^^^^^^^^^^^^^^^^^^^^^^^^^^^^^^^^
..\..\AppData\Local\Programs\Python\Python313\Lib\unittest\mock.py:690: in __getattr__
    raise AttributeError("Mock object has no attribute %r" % name)
E   AttributeError: Mock object has no attribute 'get_width'
__ ERROR at setup of TestWeaponRenderer.test_render_weapons_shooting[pistol] __
tests\Force_Field\test_weapon_renderer.py:14: in setup_pygame_font
    mock_font.render.return_value.get_width.return_value = 50
    ^^^^^^^^^^^^^^^^^^^^^^^^^^^^^^^^^^^^^^^
..\..\AppData\Local\Programs\Python\Python313\Lib\unittest\mock.py:690: in __getattr__
    raise AttributeError("Mock object has no attribute %r" % name)
E   AttributeError: Mock object has no attribute 'get_width'
_ ERROR at setup of TestWeaponRenderer.test_render_weapons_shooting[shotgun] __
tests\Force_Field\test_weapon_renderer.py:14: in setup_pygame_font
    mock_font.render.return_value.get_width.return_value = 50
    ^^^^^^^^^^^^^^^^^^^^^^^^^^^^^^^^^^^^^^^
..\..\AppData\Local\Programs\Python\Python313\Lib\unittest\mock.py:690: in __getattr__
    raise AttributeError("Mock object has no attribute %r" % name)
E   AttributeError: Mock object has no attribute 'get_width'
__ ERROR at setup of TestWeaponRenderer.test_render_weapons_shooting[rifle] ___
tests\Force_Field\test_weapon_renderer.py:14: in setup_pygame_font
    mock_font.render.return_value.get_width.return_value = 50
    ^^^^^^^^^^^^^^^^^^^^^^^^^^^^^^^^^^^^^^^
..\..\AppData\Local\Programs\Python\Python313\Lib\unittest\mock.py:690: in __getattr__
    raise AttributeError("Mock object has no attribute %r" % name)
E   AttributeError: Mock object has no attribute 'get_width'
_ ERROR at setup of TestWeaponRenderer.test_render_weapons_shooting[minigun] __
tests\Force_Field\test_weapon_renderer.py:14: in setup_pygame_font
    mock_font.render.return_value.get_width.return_value = 50
    ^^^^^^^^^^^^^^^^^^^^^^^^^^^^^^^^^^^^^^^
..\..\AppData\Local\Programs\Python\Python313\Lib\unittest\mock.py:690: in __getattr__
    raise AttributeError("Mock object has no attribute %r" % name)
E   AttributeError: Mock object has no attribute 'get_width'
__ ERROR at setup of TestWeaponRenderer.test_render_weapons_shooting[laser] ___
tests\Force_Field\test_weapon_renderer.py:14: in setup_pygame_font
    mock_font.render.return_value.get_width.return_value = 50
    ^^^^^^^^^^^^^^^^^^^^^^^^^^^^^^^^^^^^^^^
..\..\AppData\Local\Programs\Python\Python313\Lib\unittest\mock.py:690: in __getattr__
    raise AttributeError("Mock object has no attribute %r" % name)
E   AttributeError: Mock object has no attribute 'get_width'
__ ERROR at setup of TestWeaponRenderer.test_render_weapons_shooting[plasma] __
tests\Force_Field\test_weapon_renderer.py:14: in setup_pygame_font
    mock_font.render.return_value.get_width.return_value = 50
    ^^^^^^^^^^^^^^^^^^^^^^^^^^^^^^^^^^^^^^^
..\..\AppData\Local\Programs\Python\Python313\Lib\unittest\mock.py:690: in __getattr__
    raise AttributeError("Mock object has no attribute %r" % name)
E   AttributeError: Mock object has no attribute 'get_width'
__ ERROR at setup of TestWeaponRenderer.test_render_weapons_shooting[pulse] ___
tests\Force_Field\test_weapon_renderer.py:14: in setup_pygame_font
    mock_font.render.return_value.get_width.return_value = 50
    ^^^^^^^^^^^^^^^^^^^^^^^^^^^^^^^^^^^^^^^
..\..\AppData\Local\Programs\Python\Python313\Lib\unittest\mock.py:690: in __getattr__
    raise AttributeError("Mock object has no attribute %r" % name)
E   AttributeError: Mock object has no attribute 'get_width'
__ ERROR at setup of TestWeaponRenderer.test_render_weapons_shooting[rocket] __
tests\Force_Field\test_weapon_renderer.py:14: in setup_pygame_font
    mock_font.render.return_value.get_width.return_value = 50
    ^^^^^^^^^^^^^^^^^^^^^^^^^^^^^^^^^^^^^^^
..\..\AppData\Local\Programs\Python\Python313\Lib\unittest\mock.py:690: in __getattr__
    raise AttributeError("Mock object has no attribute %r" % name)
E   AttributeError: Mock object has no attribute 'get_width'
___ ERROR at setup of TestWeaponRenderer.test_render_weapons_shooting[bfg] ____
tests\Force_Field\test_weapon_renderer.py:14: in setup_pygame_font
    mock_font.render.return_value.get_width.return_value = 50
    ^^^^^^^^^^^^^^^^^^^^^^^^^^^^^^^^^^^^^^^
..\..\AppData\Local\Programs\Python\Python313\Lib\unittest\mock.py:690: in __getattr__
    raise AttributeError("Mock object has no attribute %r" % name)
E   AttributeError: Mock object has no attribute 'get_width'
_______ ERROR at setup of TestWeaponRenderer.test_render_weapons_moving _______
tests\Force_Field\test_weapon_renderer.py:14: in setup_pygame_font
    mock_font.render.return_value.get_width.return_value = 50
    ^^^^^^^^^^^^^^^^^^^^^^^^^^^^^^^^^^^^^^^
..\..\AppData\Local\Programs\Python\Python313\Lib\unittest\mock.py:690: in __getattr__
    raise AttributeError("Mock object has no attribute %r" % name)
E   AttributeError: Mock object has no attribute 'get_width'
_______ ERROR at setup of TestWeaponRenderer.test_render_weapons_zoomed _______
tests\Force_Field\test_weapon_renderer.py:14: in setup_pygame_font
    mock_font.render.return_value.get_width.return_value = 50
    ^^^^^^^^^^^^^^^^^^^^^^^^^^^^^^^^^^^^^^^
..\..\AppData\Local\Programs\Python\Python313\Lib\unittest\mock.py:690: in __getattr__
    raise AttributeError("Mock object has no attribute %r" % name)
E   AttributeError: Mock object has no attribute 'get_width'
_____ ERROR at setup of TestWeaponRenderer.test_render_weapons_reloading ______
tests\Force_Field\test_weapon_renderer.py:14: in setup_pygame_font
    mock_font.render.return_value.get_width.return_value = 50
    ^^^^^^^^^^^^^^^^^^^^^^^^^^^^^^^^^^^^^^^
..\..\AppData\Local\Programs\Python\Python313\Lib\unittest\mock.py:690: in __getattr__
    raise AttributeError("Mock object has no attribute %r" % name)
E   AttributeError: Mock object has no attribute 'get_width'
_____ ERROR at setup of TestWeaponRenderer.test_render_weapons_overheated _____
tests\Force_Field\test_weapon_renderer.py:14: in setup_pygame_font
    mock_font.render.return_value.get_width.return_value = 50
    ^^^^^^^^^^^^^^^^^^^^^^^^^^^^^^^^^^^^^^^
..\..\AppData\Local\Programs\Python\Python313\Lib\unittest\mock.py:690: in __getattr__
    raise AttributeError("Mock object has no attribute %r" % name)
E   AttributeError: Mock object has no attribute 'get_width'
____ ERROR at setup of TestWeaponRenderer.test_render_weapons_rocket_empty ____
tests\Force_Field\test_weapon_renderer.py:14: in setup_pygame_font
    mock_font.render.return_value.get_width.return_value = 50
    ^^^^^^^^^^^^^^^^^^^^^^^^^^^^^^^^^^^^^^^
..\..\AppData\Local\Programs\Python\Python313\Lib\unittest\mock.py:690: in __getattr__
    raise AttributeError("Mock object has no attribute %r" % name)
E   AttributeError: Mock object has no attribute 'get_width'
____ ERROR at setup of TestWeaponRenderer.test_render_muzzle_flash[plasma] ____
tests\Force_Field\test_weapon_renderer.py:14: in setup_pygame_font
    mock_font.render.return_value.get_width.return_value = 50
    ^^^^^^^^^^^^^^^^^^^^^^^^^^^^^^^^^^^^^^^
..\..\AppData\Local\Programs\Python\Python313\Lib\unittest\mock.py:690: in __getattr__
    raise AttributeError("Mock object has no attribute %r" % name)
E   AttributeError: Mock object has no attribute 'get_width'
____ ERROR at setup of TestWeaponRenderer.test_render_muzzle_flash[pulse] _____
tests\Force_Field\test_weapon_renderer.py:14: in setup_pygame_font
    mock_font.render.return_value.get_width.return_value = 50
    ^^^^^^^^^^^^^^^^^^^^^^^^^^^^^^^^^^^^^^^
..\..\AppData\Local\Programs\Python\Python313\Lib\unittest\mock.py:690: in __getattr__
    raise AttributeError("Mock object has no attribute %r" % name)
E   AttributeError: Mock object has no attribute 'get_width'
___ ERROR at setup of TestWeaponRenderer.test_render_muzzle_flash[shotgun] ____
tests\Force_Field\test_weapon_renderer.py:14: in setup_pygame_font
    mock_font.render.return_value.get_width.return_value = 50
    ^^^^^^^^^^^^^^^^^^^^^^^^^^^^^^^^^^^^^^^
..\..\AppData\Local\Programs\Python\Python313\Lib\unittest\mock.py:690: in __getattr__
    raise AttributeError("Mock object has no attribute %r" % name)
E   AttributeError: Mock object has no attribute 'get_width'
___ ERROR at setup of TestWeaponRenderer.test_render_muzzle_flash[minigun] ____
tests\Force_Field\test_weapon_renderer.py:14: in setup_pygame_font
    mock_font.render.return_value.get_width.return_value = 50
    ^^^^^^^^^^^^^^^^^^^^^^^^^^^^^^^^^^^^^^^
..\..\AppData\Local\Programs\Python\Python313\Lib\unittest\mock.py:690: in __getattr__
    raise AttributeError("Mock object has no attribute %r" % name)
E   AttributeError: Mock object has no attribute 'get_width'
_____ ERROR at setup of TestWeaponRenderer.test_render_muzzle_flash[bfg] ______
tests\Force_Field\test_weapon_renderer.py:14: in setup_pygame_font
    mock_font.render.return_value.get_width.return_value = 50
    ^^^^^^^^^^^^^^^^^^^^^^^^^^^^^^^^^^^^^^^
..\..\AppData\Local\Programs\Python\Python313\Lib\unittest\mock.py:690: in __getattr__
    raise AttributeError("Mock object has no attribute %r" % name)
E   AttributeError: Mock object has no attribute 'get_width'
___ ERROR at setup of TestWeaponRenderer.test_render_muzzle_flash[unknown] ____
tests\Force_Field\test_weapon_renderer.py:14: in setup_pygame_font
    mock_font.render.return_value.get_width.return_value = 50
    ^^^^^^^^^^^^^^^^^^^^^^^^^^^^^^^^^^^^^^^
..\..\AppData\Local\Programs\Python\Python313\Lib\unittest\mock.py:690: in __getattr__
    raise AttributeError("Mock object has no attribute %r" % name)
E   AttributeError: Mock object has no attribute 'get_width'
=========================== short test summary info ===========================
ERROR tests/Force_Field/test_weapon_renderer.py::TestWeaponRenderer::test_weapon_renderer_init
ERROR tests/Force_Field/test_weapon_renderer.py::TestWeaponRenderer::test_render_weapons[pistol]
ERROR tests/Force_Field/test_weapon_renderer.py::TestWeaponRenderer::test_render_weapons[shotgun]
ERROR tests/Force_Field/test_weapon_renderer.py::TestWeaponRenderer::test_render_weapons[rifle]
ERROR tests/Force_Field/test_weapon_renderer.py::TestWeaponRenderer::test_render_weapons[minigun]
ERROR tests/Force_Field/test_weapon_renderer.py::TestWeaponRenderer::test_render_weapons[laser]
ERROR tests/Force_Field/test_weapon_renderer.py::TestWeaponRenderer::test_render_weapons[plasma]
ERROR tests/Force_Field/test_weapon_renderer.py::TestWeaponRenderer::test_render_weapons[pulse]
ERROR tests/Force_Field/test_weapon_renderer.py::TestWeaponRenderer::test_render_weapons[rocket]
ERROR tests/Force_Field/test_weapon_renderer.py::TestWeaponRenderer::test_render_weapons[bfg]
ERROR tests/Force_Field/test_weapon_renderer.py::TestWeaponRenderer::test_render_weapons_shooting[pistol]
ERROR tests/Force_Field/test_weapon_renderer.py::TestWeaponRenderer::test_render_weapons_shooting[shotgun]
ERROR tests/Force_Field/test_weapon_renderer.py::TestWeaponRenderer::test_render_weapons_shooting[rifle]
ERROR tests/Force_Field/test_weapon_renderer.py::TestWeaponRenderer::test_render_weapons_shooting[minigun]
ERROR tests/Force_Field/test_weapon_renderer.py::TestWeaponRenderer::test_render_weapons_shooting[laser]
ERROR tests/Force_Field/test_weapon_renderer.py::TestWeaponRenderer::test_render_weapons_shooting[plasma]
ERROR tests/Force_Field/test_weapon_renderer.py::TestWeaponRenderer::test_render_weapons_shooting[pulse]
ERROR tests/Force_Field/test_weapon_renderer.py::TestWeaponRenderer::test_render_weapons_shooting[rocket]
ERROR tests/Force_Field/test_weapon_renderer.py::TestWeaponRenderer::test_render_weapons_shooting[bfg]
ERROR tests/Force_Field/test_weapon_renderer.py::TestWeaponRenderer::test_render_weapons_moving
ERROR tests/Force_Field/test_weapon_renderer.py::TestWeaponRenderer::test_render_weapons_zoomed
ERROR tests/Force_Field/test_weapon_renderer.py::TestWeaponRenderer::test_render_weapons_reloading
ERROR tests/Force_Field/test_weapon_renderer.py::TestWeaponRenderer::test_render_weapons_overheated
ERROR tests/Force_Field/test_weapon_renderer.py::TestWeaponRenderer::test_render_weapons_rocket_empty
ERROR tests/Force_Field/test_weapon_renderer.py::TestWeaponRenderer::test_render_muzzle_flash[plasma]
ERROR tests/Force_Field/test_weapon_renderer.py::TestWeaponRenderer::test_render_muzzle_flash[pulse]
ERROR tests/Force_Field/test_weapon_renderer.py::TestWeaponRenderer::test_render_muzzle_flash[shotgun]
ERROR tests/Force_Field/test_weapon_renderer.py::TestWeaponRenderer::test_render_muzzle_flash[minigun]
ERROR tests/Force_Field/test_weapon_renderer.py::TestWeaponRenderer::test_render_muzzle_flash[bfg]
ERROR tests/Force_Field/test_weapon_renderer.py::TestWeaponRenderer::test_render_muzzle_flash[unknown]
============================= 30 errors in 2.54s ==============================
